  Button.cpp
C:\Users\magma\source\repos\----CPTS 122----\Hackathon\CPTS-122-Final-Project\PA9\PA9\Button.hpp(20,95): warning C4244: 'argument': conversion from 'double' to 'float', possible loss of data
C:\Users\magma\source\repos\----CPTS 122----\Hackathon\CPTS-122-Final-Project\PA9\PA9\Button.hpp(19,109): warning C4244: 'argument': conversion from 'double' to 'float', possible loss of data
C:\Users\magma\source\repos\----CPTS 122----\Hackathon\CPTS-122-Final-Project\PA9\PA9\Button.hpp(51,88): warning C4244: 'argument': conversion from 'double' to 'float', possible loss of data
C:\Users\magma\source\repos\----CPTS 122----\Hackathon\CPTS-122-Final-Project\PA9\PA9\Button.hpp(50,109): warning C4244: 'argument': conversion from 'double' to 'float', possible loss of data
  Game.cpp
C:\Users\magma\source\repos\----CPTS 122----\Hackathon\CPTS-122-Final-Project\PA9\PA9\Button.hpp(20,95): warning C4244: 'argument': conversion from 'double' to 'float', possible loss of data
C:\Users\magma\source\repos\----CPTS 122----\Hackathon\CPTS-122-Final-Project\PA9\PA9\Button.hpp(19,109): warning C4244: 'argument': conversion from 'double' to 'float', possible loss of data
C:\Users\magma\source\repos\----CPTS 122----\Hackathon\CPTS-122-Final-Project\PA9\PA9\Button.hpp(51,88): warning C4244: 'argument': conversion from 'double' to 'float', possible loss of data
C:\Users\magma\source\repos\----CPTS 122----\Hackathon\CPTS-122-Final-Project\PA9\PA9\Button.hpp(50,109): warning C4244: 'argument': conversion from 'double' to 'float', possible loss of data
C:\Users\magma\source\repos\----CPTS 122----\Hackathon\CPTS-122-Final-Project\PA9\PA9\Game.cpp(14,58): warning C4244: 'argument': conversion from 'int' to 'float', possible loss of data
C:\Users\magma\source\repos\----CPTS 122----\Hackathon\CPTS-122-Final-Project\PA9\PA9\Game.cpp(15,49): warning C4244: 'argument': conversion from 'int' to 'float', possible loss of data
C:\Users\magma\source\repos\----CPTS 122----\Hackathon\CPTS-122-Final-Project\PA9\PA9\Game.cpp(73,12): warning C4244: 'argument': conversion from 'time_t' to 'unsigned int', possible loss of data
  GameTile.cpp
C:\Users\magma\source\repos\----CPTS 122----\Hackathon\CPTS-122-Final-Project\PA9\PA9\Button.hpp(20,95): warning C4244: 'argument': conversion from 'double' to 'float', possible loss of data
C:\Users\magma\source\repos\----CPTS 122----\Hackathon\CPTS-122-Final-Project\PA9\PA9\Button.hpp(19,109): warning C4244: 'argument': conversion from 'double' to 'float', possible loss of data
C:\Users\magma\source\repos\----CPTS 122----\Hackathon\CPTS-122-Final-Project\PA9\PA9\Button.hpp(51,88): warning C4244: 'argument': conversion from 'double' to 'float', possible loss of data
C:\Users\magma\source\repos\----CPTS 122----\Hackathon\CPTS-122-Final-Project\PA9\PA9\Button.hpp(50,109): warning C4244: 'argument': conversion from 'double' to 'float', possible loss of data
  Menu.cpp
C:\Users\magma\source\repos\----CPTS 122----\Hackathon\CPTS-122-Final-Project\PA9\PA9\Button.hpp(20,95): warning C4244: 'argument': conversion from 'double' to 'float', possible loss of data
C:\Users\magma\source\repos\----CPTS 122----\Hackathon\CPTS-122-Final-Project\PA9\PA9\Button.hpp(19,109): warning C4244: 'argument': conversion from 'double' to 'float', possible loss of data
C:\Users\magma\source\repos\----CPTS 122----\Hackathon\CPTS-122-Final-Project\PA9\PA9\Button.hpp(51,88): warning C4244: 'argument': conversion from 'double' to 'float', possible loss of data
C:\Users\magma\source\repos\----CPTS 122----\Hackathon\CPTS-122-Final-Project\PA9\PA9\Button.hpp(50,109): warning C4244: 'argument': conversion from 'double' to 'float', possible loss of data
C:\Users\magma\source\repos\----CPTS 122----\Hackathon\CPTS-122-Final-Project\PA9\PA9\Menu.cpp(12,28): warning C4305: 'argument': truncation from 'double' to 'float'
  main.cpp
C:\Users\magma\source\repos\----CPTS 122----\Hackathon\CPTS-122-Final-Project\PA9\PA9\Button.hpp(20,95): warning C4244: 'argument': conversion from 'double' to 'float', possible loss of data
C:\Users\magma\source\repos\----CPTS 122----\Hackathon\CPTS-122-Final-Project\PA9\PA9\Button.hpp(19,109): warning C4244: 'argument': conversion from 'double' to 'float', possible loss of data
C:\Users\magma\source\repos\----CPTS 122----\Hackathon\CPTS-122-Final-Project\PA9\PA9\Button.hpp(51,88): warning C4244: 'argument': conversion from 'double' to 'float', possible loss of data
C:\Users\magma\source\repos\----CPTS 122----\Hackathon\CPTS-122-Final-Project\PA9\PA9\Button.hpp(50,109): warning C4244: 'argument': conversion from 'double' to 'float', possible loss of data
C:\Users\magma\source\repos\----CPTS 122----\Hackathon\CPTS-122-Final-Project\PA9\PA9\main.cpp(8,49): warning C4244: 'argument': conversion from 'float' to 'unsigned int', possible loss of data
C:\Users\magma\source\repos\----CPTS 122----\Hackathon\CPTS-122-Final-Project\PA9\PA9\main.cpp(8,40): warning C4244: 'argument': conversion from 'float' to 'unsigned int', possible loss of data
  Generating Code...
  PA9.vcxproj -> C:\Users\magma\source\repos\----CPTS 122----\Hackathon\CPTS-122-Final-Project\PA9\x64\Debug\PA9.exe
